----------------------------------------
21-05-2023 21:58:24
Adding a new comment on Tales of Kabir book event
----------------------------------------
21-05-2023 21:58:48
Adding a new comment on National Writers Day book event
----------------------------------------
21-05-2023 22:01:30
Adding a new book event
----------------------------------------
21-05-2023 22:02:59
New Event: 
ID: 20
Title: New book 4
----------------------------------------
21-05-2023 22:54:08
Adding a new comment on New book 3 book event
----------------------------------------
21-05-2023 22:54:31
Adding a new comment on New book 3 book event
----------------------------------------
21-05-2023 23:15:07
Adding a new comment on National Writers Day book event
----------------------------------------
21-05-2023 23:15:09
Adding a new comment on National Writers Day book event
----------------------------------------
21-05-2023 23:15:11
Adding a new comment on National Writers Day book event
